<?xml version="1.0" encoding="UTF-8" ?>
<testsuites name="vitest tests" tests="5" failures="0" errors="0" time="0.001488042">
    <testsuite name="src/search-params.test.ts" timestamp="2026-07-22T22:10:27.211Z" hostname="Mac.socal.rr.com" tests="5" failures="0" errors="0" skipped="0" time="0.001488042">
        <testcase classname="src/search-params.test.ts" name="Search Parameters &gt; return the value of an existing parameter" time="0.0006625">
        </testcase>
        <testcase classname="src/search-params.test.ts" name="Search Parameters &gt; return null if the parameter does not exist" time="0.000081291">
        </testcase>
        <testcase classname="src/search-params.test.ts" name="Search Parameters &gt; return an empty string if the parameter is present but empty" time="0.000054042">
        </testcase>
        <testcase classname="src/search-params.test.ts" name="Search Parameters &gt; return the value of the first parameter if multiple with the same name exist" time="0.000044917">
        </testcase>
        <testcase classname="src/search-params.test.ts" name="Search Parameters &gt; handle URLs without query parameters" time="0.000037167">
        </testcase>
    </testsuite>
</testsuites>
