<?xml version="1.0" encoding="UTF-8" ?>
<testsuites name="vitest tests" tests="122" failures="0" errors="0" time="0.041800666">
    <testsuite name="src/create-env-parser.test.ts" timestamp="2026-07-22T22:10:27.486Z" hostname="Mac.socal.rr.com" tests="17" failures="0" errors="0" skipped="0" time="0.00583875">
        <testcase classname="src/create-env-parser.test.ts" name="createEnvParser &gt; exposes the parsed env object" time="0.0025315">
        </testcase>
        <testcase classname="src/create-env-parser.test.ts" name="createEnvParser &gt; produces nested objects from double-underscore keys" time="0.000182625">
        </testcase>
        <testcase classname="src/create-env-parser.test.ts" name="createEnvParser &gt; get() resolves a flat key using its original casing" time="0.000183708">
        </testcase>
        <testcase classname="src/create-env-parser.test.ts" name="createEnvParser &gt; get() resolves a nested key via dot syntax" time="0.000062625">
        </testcase>
        <testcase classname="src/create-env-parser.test.ts" name="createEnvParser &gt; get() resolves a nested key via double underscore" time="0.000066667">
        </testcase>
        <testcase classname="src/create-env-parser.test.ts" name="createEnvParser &gt; dot syntax and double underscore resolve to the same value" time="0.000047917">
        </testcase>
        <testcase classname="src/create-env-parser.test.ts" name="createEnvParser &gt; get() returns an object when the path resolves to a namespace" time="0.00005625">
        </testcase>
        <testcase classname="src/create-env-parser.test.ts" name="createEnvParser &gt; get() returns undefined for a missing flat key" time="0.00007175">
        </testcase>
        <testcase classname="src/create-env-parser.test.ts" name="createEnvParser &gt; get() returns undefined for a missing nested path" time="0.000046375">
        </testcase>
        <testcase classname="src/create-env-parser.test.ts" name="createEnvParser &gt; get() supports ?? fallback for renamed keys" time="0.000054083">
        </testcase>
        <testcase classname="src/create-env-parser.test.ts" name="createEnvParser &gt; get() prefers the primary key when both are present" time="0.000046667">
        </testcase>
        <testcase classname="src/create-env-parser.test.ts" name="createEnvParser &gt; map() builds a config shape from resolved get() calls" time="0.000087917">
        </testcase>
        <testcase classname="src/create-env-parser.test.ts" name="createEnvParser &gt; map() supports ?? fallback for renamed keys" time="0.000058667">
        </testcase>
        <testcase classname="src/create-env-parser.test.ts" name="createEnvParser &gt; map() supports default values for optional keys" time="0.000053708">
        </testcase>
        <testcase classname="src/create-env-parser.test.ts" name="createEnvParser &gt; deprecate() warns locally when the old key is still present" time="0.000965125">
            <system-out>
[@theholocron/utils-env] (debugLog) - test-app loaded 1 key(s) from environment { keys: [ [32m&apos;new_db_url&apos;[39m ] }

            </system-out>
        </testcase>
        <testcase classname="src/create-env-parser.test.ts" name="createEnvParser &gt; deprecate() is silent when the old key is absent" time="0.000393541">
        </testcase>
        <testcase classname="src/create-env-parser.test.ts" name="createEnvParser &gt; deprecate() is silent in deployed environments" time="0.000202833">
        </testcase>
    </testsuite>
    <testsuite name="src/debug.test.ts" timestamp="2026-07-22T22:10:27.489Z" hostname="Mac.socal.rr.com" tests="21" failures="0" errors="0" skipped="0" time="0.005691917">
        <testcase classname="src/debug.test.ts" name="debug &gt; debugLog &gt; logs key count and names when local and DEBUG=true" time="0.002051417">
        </testcase>
        <testcase classname="src/debug.test.ts" name="debug &gt; debugLog &gt; never logs values — only key names" time="0.0004165">
        </testcase>
        <testcase classname="src/debug.test.ts" name="debug &gt; debugLog &gt; flattens nested keys to dot-path notation" time="0.000122458">
        </testcase>
        <testcase classname="src/debug.test.ts" name="debug &gt; debugLog &gt; is silent when DEBUG is not set" time="0.000137875">
        </testcase>
        <testcase classname="src/debug.test.ts" name="debug &gt; debugLog &gt; is silent when DEBUG=false" time="0.000080042">
        </testcase>
        <testcase classname="src/debug.test.ts" name="debug &gt; debugLog &gt; is silent when DEBUG=0" time="0.000073875">
        </testcase>
        <testcase classname="src/debug.test.ts" name="debug &gt; debugLog &gt; is silent in a deployed environment even when DEBUG=true" time="0.000074375">
        </testcase>
        <testcase classname="src/debug.test.ts" name="debug &gt; debugLog &gt; accepts &quot;1&quot; as a truthy DEBUG value" time="0.0000765">
        </testcase>
        <testcase classname="src/debug.test.ts" name="debug &gt; debugLog &gt; accepts &quot;yes&quot; as a truthy DEBUG value" time="0.000081209">
        </testcase>
        <testcase classname="src/debug.test.ts" name="debug &gt; debugLog &gt; accepts any casing of DEBUG value" time="0.000074166">
        </testcase>
        <testcase classname="src/debug.test.ts" name="debug &gt; debugLog &gt; handles an empty env object gracefully" time="0.000197">
        </testcase>
        <testcase classname="src/debug.test.ts" name="debug &gt; warnMissingKey &gt; warns with the key name when local and DEBUG=true" time="0.000129334">
        </testcase>
        <testcase classname="src/debug.test.ts" name="debug &gt; warnMissingKey &gt; is silent when DEBUG is not set" time="0.000078125">
        </testcase>
        <testcase classname="src/debug.test.ts" name="debug &gt; warnMissingKey &gt; is silent in a deployed environment even when DEBUG=true" time="0.000074542">
        </testcase>
        <testcase classname="src/debug.test.ts" name="debug &gt; warnMissingKey &gt; includes the missing key name in the warning message" time="0.000074791">
        </testcase>
        <testcase classname="src/debug.test.ts" name="debug &gt; debugDeprecation &gt; warns when the old key is present in the env" time="0.000117833">
        </testcase>
        <testcase classname="src/debug.test.ts" name="debug &gt; debugDeprecation &gt; is silent when the old key is not present in the env" time="0.000073583">
        </testcase>
        <testcase classname="src/debug.test.ts" name="debug &gt; debugDeprecation &gt; is silent in a deployed environment" time="0.000074458">
        </testcase>
        <testcase classname="src/debug.test.ts" name="debug &gt; debugDeprecation &gt; does not require DEBUG to be set — deprecation warnings always fire locally" time="0.000074166">
        </testcase>
        <testcase classname="src/debug.test.ts" name="debug &gt; debugDeprecation &gt; only checks top-level keys — nested dot-path keys are not matched" time="0.000072875">
        </testcase>
        <testcase classname="src/debug.test.ts" name="debug &gt; debugDeprecation &gt; includes both old and new key names in the warning" time="0.00015">
        </testcase>
    </testsuite>
    <testsuite name="src/environment.test.ts" timestamp="2026-07-22T22:10:27.491Z" hostname="Mac.socal.rr.com" tests="20" failures="0" errors="0" skipped="0" time="0.003271">
        <testcase classname="src/environment.test.ts" name="environment &gt; normalize &gt; normalizes canonical names" time="0.000736375">
        </testcase>
        <testcase classname="src/environment.test.ts" name="environment &gt; normalize &gt; normalizes aliases" time="0.000118875">
        </testcase>
        <testcase classname="src/environment.test.ts" name="environment &gt; normalize &gt; returns undefined for unknown strings" time="0.000057958">
        </testcase>
        <testcase classname="src/environment.test.ts" name="environment &gt; get &gt; returns DEFAULT_ENVIRONMENT for unknown value" time="0.000637583">
            <system-err>
[@theholocron/utils-env] Unknown environment &quot;foo&quot;, falling back to &quot;prod&quot;

            </system-err>
        </testcase>
        <testcase classname="src/environment.test.ts" name="environment &gt; get &gt; uses ENVIRONMENT when set" time="0.000074875">
        </testcase>
        <testcase classname="src/environment.test.ts" name="environment &gt; get &gt; normalizes aliases from ENVIRONMENT" time="0.000066833">
        </testcase>
        <testcase classname="src/environment.test.ts" name="environment &gt; get &gt; falls back to ENV when ENVIRONMENT is missing" time="0.00004675">
        </testcase>
        <testcase classname="src/environment.test.ts" name="environment &gt; get &gt; falls back to NODE_ENV when ENVIRONMENT and ENV are missing" time="0.000060208">
        </testcase>
        <testcase classname="src/environment.test.ts" name="environment &gt; get &gt; falls back to DEFAULT_ENVIRONMENT when no env vars are set" time="0.000047458">
        </testcase>
        <testcase classname="src/environment.test.ts" name="environment &gt; get &gt; uses ENVIRONMENT first when multiple env vars are set" time="0.00004675">
        </testcase>
        <testcase classname="src/environment.test.ts" name="environment &gt; isDeployed &gt; returns qa for &quot;true&quot;" time="0.000063834">
        </testcase>
        <testcase classname="src/environment.test.ts" name="environment &gt; isDeployed &gt; returns test for &quot;true&quot;" time="0.0000375">
        </testcase>
        <testcase classname="src/environment.test.ts" name="environment &gt; isDeployed &gt; returns staging for &quot;true&quot;" time="0.00005425">
        </testcase>
        <testcase classname="src/environment.test.ts" name="environment &gt; isDeployed &gt; returns prod for &quot;true&quot;" time="0.00003425">
        </testcase>
        <testcase classname="src/environment.test.ts" name="environment &gt; isDeployed &gt; returns production for &quot;true&quot;" time="0.000051459">
        </testcase>
        <testcase classname="src/environment.test.ts" name="environment &gt; isDeployed &gt; returns local for &quot;false&quot;" time="0.000112292">
        </testcase>
        <testcase classname="src/environment.test.ts" name="environment &gt; isDeployed &gt; returns dev for &quot;false&quot;" time="0.000091458">
        </testcase>
        <testcase classname="src/environment.test.ts" name="environment &gt; isDeployed &gt; returns development for &quot;false&quot;" time="0.000041625">
        </testcase>
        <testcase classname="src/environment.test.ts" name="environment &gt; isDeployed &gt; uses environment variables when no input is provided" time="0.000041542">
        </testcase>
        <testcase classname="src/environment.test.ts" name="environment &gt; isDeployed &gt; falls back to default environment when env is invalid" time="0.000125708">
            <system-err>
[@theholocron/utils-env] Unknown environment &quot;totally-wrong&quot;, falling back to &quot;prod&quot;

            </system-err>
        </testcase>
    </testsuite>
    <testsuite name="src/loader.test.ts" timestamp="2026-07-22T22:10:27.493Z" hostname="Mac.socal.rr.com" tests="7" failures="0" errors="0" skipped="0" time="0.005061041">
        <testcase classname="src/loader.test.ts" name="DotenvLoader &gt; implements the EnvLoader interface — load() returns a record" time="0.00072775">
        </testcase>
        <testcase classname="src/loader.test.ts" name="DotenvLoader &gt; returns process.env after loading" time="0.000107125">
        </testcase>
        <testcase classname="src/loader.test.ts" name="DotenvLoader &gt; reflects all stubbed env vars in the returned record" time="0.000108708">
        </testcase>
        <testcase classname="src/loader.test.ts" name="DotenvLoader &gt; returns undefined for keys not present in process.env" time="0.000058958">
        </testcase>
        <testcase classname="src/loader.test.ts" name="DotenvLoader &gt; calls dotenv/config as a side effect" time="0.003312333">
        </testcase>
        <testcase classname="src/loader.test.ts" name="DotenvLoader &gt; is safe to call load() multiple times — dotenv is a no-op on repeat calls" time="0.000122792">
        </testcase>
        <testcase classname="src/loader.test.ts" name="DotenvLoader &gt; satisfies the EnvLoader interface structurally" time="0.000064458">
        </testcase>
    </testsuite>
    <testsuite name="src/utils/build-env-object.test.ts" timestamp="2026-07-22T22:10:27.493Z" hostname="Mac.socal.rr.com" tests="6" failures="0" errors="0" skipped="0" time="0.002290917">
        <testcase classname="src/utils/build-env-object.test.ts" name="buildEnvObject &gt; builds a flat object from simple keys" time="0.000971583">
        </testcase>
        <testcase classname="src/utils/build-env-object.test.ts" name="buildEnvObject &gt; builds a nested object from double-underscore keys" time="0.000136542">
        </testcase>
        <testcase classname="src/utils/build-env-object.test.ts" name="buildEnvObject &gt; coerces values when parseValues is true" time="0.000065917">
        </testcase>
        <testcase classname="src/utils/build-env-object.test.ts" name="buildEnvObject &gt; skips undefined values" time="0.000049667">
        </testcase>
        <testcase classname="src/utils/build-env-object.test.ts" name="buildEnvObject &gt; throws on scalar-to-namespace collision" time="0.000400083">
        </testcase>
        <testcase classname="src/utils/build-env-object.test.ts" name="buildEnvObject &gt; merges multiple keys into the same nested namespace" time="0.000065209">
        </testcase>
    </testsuite>
    <testsuite name="src/utils/coerce-value.test.ts" timestamp="2026-07-22T22:10:27.494Z" hostname="Mac.socal.rr.com" tests="4" failures="0" errors="0" skipped="0" time="0.001406917">
        <testcase classname="src/utils/coerce-value.test.ts" name="coerceValue &gt; coerces &quot;true&quot; to boolean true" time="0.000607083">
        </testcase>
        <testcase classname="src/utils/coerce-value.test.ts" name="coerceValue &gt; coerces &quot;false&quot; to boolean false" time="0.000062125">
        </testcase>
        <testcase classname="src/utils/coerce-value.test.ts" name="coerceValue &gt; coerces numeric strings to numbers" time="0.000116458">
        </testcase>
        <testcase classname="src/utils/coerce-value.test.ts" name="coerceValue &gt; leaves regular strings as-is" time="0.00004775">
        </testcase>
    </testsuite>
    <testsuite name="src/utils/collect-keys.test.ts" timestamp="2026-07-22T22:10:27.494Z" hostname="Mac.socal.rr.com" tests="7" failures="0" errors="0" skipped="0" time="0.003425208">
        <testcase classname="src/utils/collect-keys.test.ts" name="collectKeys &gt; returns empty array for empty object" time="0.002369458">
        </testcase>
        <testcase classname="src/utils/collect-keys.test.ts" name="collectKeys &gt; returns flat keys for a flat object" time="0.000117709">
        </testcase>
        <testcase classname="src/utils/collect-keys.test.ts" name="collectKeys &gt; returns dot-path keys for a nested object" time="0.000059792">
        </testcase>
        <testcase classname="src/utils/collect-keys.test.ts" name="collectKeys &gt; handles multiple levels of nesting" time="0.000115375">
        </testcase>
        <testcase classname="src/utils/collect-keys.test.ts" name="collectKeys &gt; handles mixed flat and nested keys" time="0.000046625">
        </testcase>
        <testcase classname="src/utils/collect-keys.test.ts" name="collectKeys &gt; handles multiple nested branches" time="0.000043">
        </testcase>
        <testcase classname="src/utils/collect-keys.test.ts" name="collectKeys &gt; respects a custom prefix" time="0.000038458">
        </testcase>
    </testsuite>
    <testsuite name="src/utils/get-by-path.test.ts" timestamp="2026-07-22T22:10:27.495Z" hostname="Mac.socal.rr.com" tests="5" failures="0" errors="0" skipped="0" time="0.001764625">
        <testcase classname="src/utils/get-by-path.test.ts" name="getByPath &gt; returns a primitive at a leaf path" time="0.0006425">
        </testcase>
        <testcase classname="src/utils/get-by-path.test.ts" name="getByPath &gt; returns a nested object at an intermediate path" time="0.000322417">
        </testcase>
        <testcase classname="src/utils/get-by-path.test.ts" name="getByPath &gt; returns undefined when a path segment doesn&apos;t exist" time="0.000057375">
        </testcase>
        <testcase classname="src/utils/get-by-path.test.ts" name="getByPath &gt; returns undefined when traversing through a primitive" time="0.000095375">
        </testcase>
        <testcase classname="src/utils/get-by-path.test.ts" name="getByPath &gt; returns undefined for a completely missing top-level key" time="0.000036458">
        </testcase>
    </testsuite>
    <testsuite name="src/utils/is-env-object.test.ts" timestamp="2026-07-22T22:10:27.495Z" hostname="Mac.socal.rr.com" tests="9" failures="0" errors="0" skipped="0" time="0.002423666">
        <testcase classname="src/utils/is-env-object.test.ts" name="isEnvObject &gt; returns true for an empty object" time="0.000798458">
        </testcase>
        <testcase classname="src/utils/is-env-object.test.ts" name="isEnvObject &gt; returns true for a flat EnvObject" time="0.000146334">
        </testcase>
        <testcase classname="src/utils/is-env-object.test.ts" name="isEnvObject &gt; returns true for a nested EnvObject" time="0.000055209">
        </testcase>
        <testcase classname="src/utils/is-env-object.test.ts" name="isEnvObject &gt; returns false for a string" time="0.000040667">
        </testcase>
        <testcase classname="src/utils/is-env-object.test.ts" name="isEnvObject &gt; returns false for an empty string" time="0.0000345">
        </testcase>
        <testcase classname="src/utils/is-env-object.test.ts" name="isEnvObject &gt; returns false for a number" time="0.000075667">
        </testcase>
        <testcase classname="src/utils/is-env-object.test.ts" name="isEnvObject &gt; returns false for zero" time="0.000099208">
        </testcase>
        <testcase classname="src/utils/is-env-object.test.ts" name="isEnvObject &gt; returns false for a boolean true" time="0.000045709">
        </testcase>
        <testcase classname="src/utils/is-env-object.test.ts" name="isEnvObject &gt; returns false for a boolean false" time="0.000038125">
        </testcase>
    </testsuite>
    <testsuite name="src/utils/normalize-key.test.ts" timestamp="2026-07-22T22:10:27.495Z" hostname="Mac.socal.rr.com" tests="6" failures="0" errors="0" skipped="0" time="0.004770458">
        <testcase classname="src/utils/normalize-key.test.ts" name="normalizeKey &gt; splits dot syntax into a traversal path" time="0.0008955">
        </testcase>
        <testcase classname="src/utils/normalize-key.test.ts" name="normalizeKey &gt; splits double underscores into a traversal path" time="0.001598459">
        </testcase>
        <testcase classname="src/utils/normalize-key.test.ts" name="normalizeKey &gt; uppercased double underscores normalize the same as lowercase" time="0.0003435">
        </testcase>
        <testcase classname="src/utils/normalize-key.test.ts" name="normalizeKey &gt; single underscores produce a flat key — never a traversal path" time="0.000703042">
        </testcase>
        <testcase classname="src/utils/normalize-key.test.ts" name="normalizeKey &gt; uppercased flat key lowercases correctly" time="0.000084333">
        </testcase>
        <testcase classname="src/utils/normalize-key.test.ts" name="normalizeKey &gt; dot syntax and double underscores produce the same path" time="0.000486666">
        </testcase>
    </testsuite>
    <testsuite name="src/utils/parse-key.test.ts" timestamp="2026-07-22T22:10:27.496Z" hostname="Mac.socal.rr.com" tests="5" failures="0" errors="0" skipped="0" time="0.00276925">
        <testcase classname="src/utils/parse-key.test.ts" name="parseKey &gt; preserves single underscores as part of the key name" time="0.000935084">
        </testcase>
        <testcase classname="src/utils/parse-key.test.ts" name="parseKey &gt; splits on double underscores into a nested path" time="0.00010475">
        </testcase>
        <testcase classname="src/utils/parse-key.test.ts" name="parseKey &gt; handles mixed single and double underscores" time="0.000133833">
        </testcase>
        <testcase classname="src/utils/parse-key.test.ts" name="parseKey &gt; lowercases all segments" time="0.000666667">
        </testcase>
        <testcase classname="src/utils/parse-key.test.ts" name="parseKey &gt; handles a single segment with no underscores" time="0.000173041">
        </testcase>
    </testsuite>
    <testsuite name="src/utils/set-deep.test.ts" timestamp="2026-07-22T22:10:27.497Z" hostname="Mac.socal.rr.com" tests="15" failures="0" errors="0" skipped="0" time="0.003086917">
        <testcase classname="src/utils/set-deep.test.ts" name="setDeep &gt; writes a string value at a single-segment path" time="0.000906">
        </testcase>
        <testcase classname="src/utils/set-deep.test.ts" name="setDeep &gt; writes a number value at a single-segment path" time="0.000094417">
        </testcase>
        <testcase classname="src/utils/set-deep.test.ts" name="setDeep &gt; writes a boolean value at a single-segment path" time="0.000065">
        </testcase>
        <testcase classname="src/utils/set-deep.test.ts" name="setDeep &gt; overwrites an existing primitive at a single-segment path" time="0.000113041">
        </testcase>
        <testcase classname="src/utils/set-deep.test.ts" name="setDeep &gt; creates intermediate namespaces for a nested path" time="0.000058459">
        </testcase>
        <testcase classname="src/utils/set-deep.test.ts" name="setDeep &gt; writes a value at a three-segment path" time="0.0000565">
        </testcase>
        <testcase classname="src/utils/set-deep.test.ts" name="setDeep &gt; merges into an existing namespace without overwriting siblings" time="0.000054875">
        </testcase>
        <testcase classname="src/utils/set-deep.test.ts" name="setDeep &gt; writes multiple values into the same deeply nested namespace" time="0.000061083">
        </testcase>
        <testcase classname="src/utils/set-deep.test.ts" name="setDeep &gt; does not mutate other top-level keys" time="0.000156875">
        </testcase>
        <testcase classname="src/utils/set-deep.test.ts" name="setDeep &gt; throws when an intermediate key already holds a scalar value" time="0.000401958">
        </testcase>
        <testcase classname="src/utils/set-deep.test.ts" name="setDeep &gt; includes the colliding key path in the scalar-to-namespace error message" time="0.000087">
        </testcase>
        <testcase classname="src/utils/set-deep.test.ts" name="setDeep &gt; throws at the first colliding segment, not the full path" time="0.000075917">
        </testcase>
        <testcase classname="src/utils/set-deep.test.ts" name="setDeep &gt; throws when the leaf key already holds a namespace object" time="0.000131834">
        </testcase>
        <testcase classname="src/utils/set-deep.test.ts" name="setDeep &gt; includes the full path in the namespace-to-scalar error message" time="0.000070208">
        </testcase>
        <testcase classname="src/utils/set-deep.test.ts" name="setDeep &gt; mutates the target in place rather than returning a new object" time="0.00004225">
        </testcase>
    </testsuite>
</testsuites>
