<?xml version="1.0" encoding="UTF-8" ?>
<testsuites name="vitest tests" tests="6" failures="0" errors="0" time="0.001523292">
    <testsuite name="src/validations.test.ts" timestamp="2026-07-22T22:10:27.184Z" hostname="Mac.socal.rr.com" tests="6" failures="0" errors="0" skipped="0" time="0.001523292">
        <testcase classname="src/validations.test.ts" name="Array &gt; return false for null" time="0.000622166">
        </testcase>
        <testcase classname="src/validations.test.ts" name="Array &gt; return false for undefined" time="0.000072625">
        </testcase>
        <testcase classname="src/validations.test.ts" name="Array &gt; return false for an empty array" time="0.000047333">
        </testcase>
        <testcase classname="src/validations.test.ts" name="Array &gt; return true for a non-empty array" time="0.00004075">
        </testcase>
        <testcase classname="src/validations.test.ts" name="Array &gt; return true for a non-null, non-undefined non-array value" time="0.000096083">
        </testcase>
        <testcase classname="src/validations.test.ts" name="Array &gt; return true for a boolean value" time="0.000044708">
        </testcase>
    </testsuite>
</testsuites>
