<?xml version="1.0" encoding="UTF-8" ?>
<testsuites name="vitest tests" tests="5" failures="0" errors="0" time="0.014164542">
    <testsuite name="src/get-time-of-day.test.ts" timestamp="2026-07-22T22:10:27.213Z" hostname="Mac.socal.rr.com" tests="5" failures="0" errors="0" skipped="0" time="0.014164542">
        <testcase classname="src/get-time-of-day.test.ts" name="getTimeOfDay &gt; use current time when no date is provided" time="0.013089167">
        </testcase>
        <testcase classname="src/get-time-of-day.test.ts" name="getTimeOfDay &gt; return &apos;morning&apos; for a valid morning date" time="0.000154625">
        </testcase>
        <testcase classname="src/get-time-of-day.test.ts" name="getTimeOfDay &gt; return &apos;afternoon&apos; for a valid afternoon date" time="0.000054542">
        </testcase>
        <testcase classname="src/get-time-of-day.test.ts" name="getTimeOfDay &gt; return &apos;evening&apos; for a valid evening date" time="0.000040416">
        </testcase>
        <testcase classname="src/get-time-of-day.test.ts" name="getTimeOfDay &gt; fall back to current time for an invalid date" time="0.000063917">
        </testcase>
    </testsuite>
</testsuites>
