<?xml version="1.0" encoding="UTF-8" ?>
<testsuites name="vitest tests" tests="2" failures="0" errors="0" time="0.001447042">
    <testsuite name="src/konami.test.ts" timestamp="2026-07-22T22:10:27.205Z" hostname="Mac.socal.rr.com" tests="2" failures="0" errors="0" skipped="0" time="0.001447042">
        <testcase classname="src/konami.test.ts" name="Konami &gt; detect the full Konami code sequence" time="0.000728333">
        </testcase>
        <testcase classname="src/konami.test.ts" name="Konami &gt; reset after entering an incorrect code" time="0.00008875">
        </testcase>
    </testsuite>
</testsuites>
