<?xml version="1.0" encoding="UTF-8" ?>
<testsuites name="vitest tests" tests="11" failures="0" errors="0" time="0.003577542">
    <testsuite name="src/session.test.ts" timestamp="2026-07-22T22:10:27.034Z" hostname="Mac.socal.rr.com" tests="11" failures="0" errors="0" skipped="0" time="0.003577542">
        <testcase classname="src/session.test.ts" name="Session Storage &gt; storage.session.create &gt; default namespace" time="0.00090325">
        </testcase>
        <testcase classname="src/session.test.ts" name="Session Storage &gt; storage.session.create &gt; custom namespace" time="0.000070167">
        </testcase>
        <testcase classname="src/session.test.ts" name="Session Storage &gt; sendTo &gt; throws an error if nothing is registered when sending data" time="0.000388">
        </testcase>
        <testcase classname="src/session.test.ts" name="Session Storage &gt; sendTo &gt; send data to the vault" time="0.00011225">
        </testcase>
        <testcase classname="src/session.test.ts" name="Session Storage &gt; getAll &gt; throws an error if nothing is registered when getting all data" time="0.000073375">
        </testcase>
        <testcase classname="src/session.test.ts" name="Session Storage &gt; getAll &gt; get all data" time="0.00032275">
        </testcase>
        <testcase classname="src/session.test.ts" name="Session Storage &gt; getFrom &gt; throw an error if nothing is registered when getting data" time="0.000077416">
        </testcase>
        <testcase classname="src/session.test.ts" name="Session Storage &gt; getFrom &gt; get data by key" time="0.000060417">
        </testcase>
        <testcase classname="src/session.test.ts" name="Session Storage &gt; removeFrom &gt; throws an error if is nothing registered when removing data" time="0.000090833">
        </testcase>
        <testcase classname="src/session.test.ts" name="Session Storage &gt; removeFrom &gt; removes data from app storage" time="0.00015925">
        </testcase>
        <testcase classname="src/session.test.ts" name="Session Storage &gt; clear &gt; clears the storage" time="0.000063584">
        </testcase>
    </testsuite>
</testsuites>
